LineMapPractice/app/build/outputs/logs/manifest-merger-debug-report.txt
-- Merging decision tree log ---
manifest
ADDED from src\main\AndroidManifest.xml:2:1-47:12
	package
		ADDED from src\main\AndroidManifest.xml:3:5-52
		INJECTED from src\main\AndroidManifest.xml
		INJECTED from src\main\AndroidManifest.xml
	android:versionName
		INJECTED from src\main\AndroidManifest.xml
		INJECTED from src\main\AndroidManifest.xml
	xmlns:android
		ADDED from src\main\AndroidManifest.xml:2:11-69
	android:versionCode
		INJECTED from src\main\AndroidManifest.xml
		INJECTED from src\main\AndroidManifest.xml
uses-permission#android.permission.INTERNET
ADDED from src\main\AndroidManifest.xml:5:5-66
	android:name
		ADDED from src\main\AndroidManifest.xml:5:22-64
uses-permission#android.permission.ACCESS_NETWORK_STATE
ADDED from src\main\AndroidManifest.xml:6:5-79
	android:name
		ADDED from src\main\AndroidManifest.xml:6:22-76
uses-permission#android.permission.CHANGE_NETWORK_STATE
ADDED from src\main\AndroidManifest.xml:7:5-79
	android:name
		ADDED from src\main\AndroidManifest.xml:7:22-76
uses-permission#android.permission.WRITE_EXTERNAL_STORAGE
ADDED from src\main\AndroidManifest.xml:8:5-80
	android:name
		ADDED from src\main\AndroidManifest.xml:8:22-78
uses-permission#android.permission.READ_EXTERNAL_STORAGE
ADDED from src\main\AndroidManifest.xml:9:5-79
	android:name
		ADDED from src\main\AndroidManifest.xml:9:22-77
application
ADDED from src\main\AndroidManifest.xml:11:5-45:19
MERGED from [com.android.support:appcompat-v7:23.1.1] AndroidManifest.xml:22:5-20
MERGED from [com.android.support:support-v4:23.1.1] AndroidManifest.xml:22:5-20
MERGED from [com.tsengvn:Typekit:1.0.0] AndroidManifest.xml:11:5-14:19
	android:label
		ADDED from src\main\AndroidManifest.xml:14:9-41
	android:supportsRtl
		ADDED from src\main\AndroidManifest.xml:15:9-35
	android:allowBackup
		ADDED from src\main\AndroidManifest.xml:12:9-35
	android:icon
		ADDED from src\main\AndroidManifest.xml:13:9-43
	android:theme
		ADDED from src\main\AndroidManifest.xml:16:9-40
meta-data#com.kakao.sdk.AppKey
ADDED from src\main\AndroidManifest.xml:17:9-106
	android:value
		ADDED from src\main\AndroidManifest.xml:17:56-104
	android:name
		ADDED from src\main\AndroidManifest.xml:17:20-55
activity#com.example.ulnamsong.linemappractice.LogoActivity
ADDED from src\main\AndroidManifest.xml:18:9-24:20
	android:name
		ADDED from src\main\AndroidManifest.xml:18:19-47
intent-filter#android.intent.action.MAIN+android.intent.category.LAUNCHER
ADDED from src\main\AndroidManifest.xml:19:13-23:29
action#android.intent.action.MAIN
ADDED from src\main\AndroidManifest.xml:20:17-69
	android:name
		ADDED from src\main\AndroidManifest.xml:20:25-66
category#android.intent.category.LAUNCHER
ADDED from src\main\AndroidManifest.xml:22:17-77
	android:name
		ADDED from src\main\AndroidManifest.xml:22:27-74
activity#com.example.ulnamsong.linemappractice.MenuActivity
ADDED from src\main\AndroidManifest.xml:25:9-59
	android:name
		ADDED from src\main\AndroidManifest.xml:25:19-47
activity#com.example.ulnamsong.linemappractice.MyActivity
ADDED from src\main\AndroidManifest.xml:26:9-57
	android:name
		ADDED from src\main\AndroidManifest.xml:26:19-45
activity#com.example.ulnamsong.linemappractice.MainActivity
ADDED from src\main\AndroidManifest.xml:27:9-59
	android:name
		ADDED from src\main\AndroidManifest.xml:27:19-47
activity#com.example.ulnamsong.linemappractice.SearchActivity
ADDED from src\main\AndroidManifest.xml:28:9-61
	android:name
		ADDED from src\main\AndroidManifest.xml:28:19-49
activity#com.example.ulnamsong.linemappractice.Search2Activity
ADDED from src\main\AndroidManifest.xml:29:9-62
	android:name
		ADDED from src\main\AndroidManifest.xml:29:19-50
activity#com.example.ulnamsong.linemappractice.FirstLastActivity
ADDED from src\main\AndroidManifest.xml:30:9-64
	android:name
		ADDED from src\main\AndroidManifest.xml:30:19-52
activity#com.example.ulnamsong.linemappractice.FinishSearch
ADDED from src\main\AndroidManifest.xml:31:9-59
	android:name
		ADDED from src\main\AndroidManifest.xml:31:19-47
activity#com.example.ulnamsong.linemappractice.ShortestPathActivity
ADDED from src\main\AndroidManifest.xml:32:9-67
	android:name
		ADDED from src\main\AndroidManifest.xml:32:19-55
activity#com.example.ulnamsong.linemappractice.StartSearch
ADDED from src\main\AndroidManifest.xml:33:9-58
	android:name
		ADDED from src\main\AndroidManifest.xml:33:19-46
activity#com.example.ulnamsong.linemappractice.FavoriteActivity
ADDED from src\main\AndroidManifest.xml:34:9-63
	android:name
		ADDED from src\main\AndroidManifest.xml:34:19-51
activity#com.example.ulnamsong.linemappractice.TimatableActivity
ADDED from src\main\AndroidManifest.xml:35:9-36:72
	android:windowSoftInputMode
		ADDED from src\main\AndroidManifest.xml:36:13-60
	android:name
		ADDED from src\main\AndroidManifest.xml:35:19-52
receiver#com.example.ulnamsong.linemappractice.appNetwork
ADDED from src\main\AndroidManifest.xml:38:9-43:20
	android:name
		ADDED from src\main\AndroidManifest.xml:38:19-46
intent-filter#android.net.conn.CONNECTIVITY_CHANGE
ADDED from src\main\AndroidManifest.xml:39:13-41:29
action#android.net.conn.CONNECTIVITY_CHANGE
ADDED from src\main\AndroidManifest.xml:40:17-78
	android:name
		ADDED from src\main\AndroidManifest.xml:40:25-76
uses-sdk
INJECTED from src\main\AndroidManifest.xml reason: use-sdk injection requested
MERGED from [com.android.support:appcompat-v7:23.1.1] AndroidManifest.xml:20:5-43
MERGED from [com.android.support:support-v4:23.1.1] AndroidManifest.xml:20:5-43
MERGED from [com.tsengvn:Typekit:1.0.0] AndroidManifest.xml:7:5-9:41
MERGED from [com.kakao.sdk:kakaolink:1.1.7] AndroidManifest.xml:11:5-13:41
MERGED from [com.kakao.sdk:util:1.1.7] AndroidManifest.xml:11:5-13:41
	android:targetSdkVersion
		INJECTED from src\main\AndroidManifest.xml
		INJECTED from src\main\AndroidManifest.xml
	android:minSdkVersion
		INJECTED from src\main\AndroidManifest.xml
		INJECTED from src\main\AndroidManifest.xml